<?xml version="1.0" encoding="UTF-8"?>
<!-- Generated by org.testng.reporters.JUnitXMLReporter -->
<testsuite ignored="0" hostname="LAPTOP-LATIJUB8" failures="1" tests="14" name="tutorialsninja test" time="30.333" errors="0" timestamp="2024-10-22T14:33:56 IST">
  <testcase classname="com.tutorialsninja.qa.testcases.LoginTest" name="verifyloginwithvalidcredentials" time="1.071"/>
  <testcase classname="com.tutorialsninja.qa.testcases.RegisterTest" name="verifyingregisteringaccountwithmadatoryfields" time="1.812"/>
  <testcase classname="com.tutorialsninja.qa.testcases.SearchTest" name="verifysearchwithvalidproduct" time="0.582"/>
  <testcase classname="com.tutorialsninja.qa.testcases.LoginTest" name="verifyloginwithvalidcredentials" time="0.854"/>
  <testcase classname="com.tutorialsninja.qa.testcases.SearchTest" name="searchwithinvlidproduct" time="0.534">
    <failure type="java.lang.AssertionError" message="no message displayed for honda expected [true] but found [false]">
      <![CDATA[java.lang.AssertionError: no message displayed for honda expected [true] but found [false]
at com.tutorialsninja.qa.testcases.SearchTest.searchwithinvlidproduct(SearchTest.java:50)
at java.base/java.util.concurrent.Executors$RunnableAdapter.call(Executors.java:572)
at java.base/java.util.concurrent.FutureTask.run(FutureTask.java:317)
at java.base/java.util.concurrent.ThreadPoolExecutor.runWorker(ThreadPoolExecutor.java:1144)
at java.base/java.util.concurrent.ThreadPoolExecutor$Worker.run(ThreadPoolExecutor.java:642)
at java.base/java.lang.Thread.run(Thread.java:1583)
... Removed 14 stack frames]]>
    </failure>
  </testcase> <!-- searchwithinvlidproduct -->
  <testcase classname="com.tutorialsninja.qa.testcases.SearchTest" name="searchwithoutanyproduct" time="0.0">
    <skipped/>
  </testcase> <!-- searchwithoutanyproduct -->
  <testcase classname="com.tutorialsninja.qa.testcases.LoginTest" name="verifyloginwithvalidcredentials" time="1.116"/>
  <testcase classname="com.tutorialsninja.qa.testcases.LoginTest" name="verifyloginwithinvalidcredentials" time="0.839"/>
  <testcase classname="com.tutorialsninja.qa.testcases.RegisterTest" name="verifyingregisteringaccountwithallfields" time="1.612"/>
  <testcase classname="com.tutorialsninja.qa.testcases.LoginTest" name="verifyloginwithinvalidemailandvalidpassword" time="0.926"/>
  <testcase classname="com.tutorialsninja.qa.testcases.RegisterTest" name="verifyingregisteringaccountwithexistingemail" time="1.404"/>
  <testcase classname="com.tutorialsninja.qa.testcases.RegisterTest" name="verifyingregisteringaccountwithoutprovidingdetailsfields" time="0.617"/>
  <testcase classname="com.tutorialsninja.qa.testcases.LoginTest" name="verifyloginwithvalidemailandinvalidpassword" time="0.868"/>
  <testcase classname="com.tutorialsninja.qa.testcases.LoginTest" name="verifyloginwithoutcredentails" time="0.556"/>
</testsuite> <!-- tutorialsninja test -->
