<?xml version="1.0" encoding="UTF-8"?>
<!-- Generated by org.testng.reporters.JUnitReportReporter -->
<testsuite hostname="LAPTOP-LATIJUB8" failures="1" tests="3" name="com.tutorialsninja.qa.testcases.SearchTest" time="6.066" errors="0" timestamp="2024-10-22T14:33:56 IST" skipped="1">
  <testcase classname="com.tutorialsninja.qa.testcases.SearchTest" name="searchwithoutanyproduct" time="2.754">
    <skipped/>
  </testcase> <!-- searchwithoutanyproduct -->
  <testcase classname="com.tutorialsninja.qa.testcases.SearchTest" name="verifysearchwithvalidproduct" time="2.778"/>
  <testcase classname="com.tutorialsninja.qa.testcases.SearchTest" name="searchwithinvlidproduct" time="0.534">
    <failure message="no message displayed for honda expected [true] but found [false]" type="java.lang.AssertionError">
      <![CDATA[java.lang.AssertionError: no message displayed for honda expected [true] but found [false]
at org.testng.Assert.fail(Assert.java:111)
at org.testng.Assert.failNotEquals(Assert.java:1578)
at org.testng.Assert.assertTrue(Assert.java:57)
at com.tutorialsninja.qa.testcases.SearchTest.searchwithinvlidproduct(SearchTest.java:50)
at java.base/jdk.internal.reflect.DirectMethodHandleAccessor.invoke(DirectMethodHandleAccessor.java:103)
at java.base/java.lang.reflect.Method.invoke(Method.java:580)
at org.testng.internal.invokers.MethodInvocationHelper.invokeMethod(MethodInvocationHelper.java:141)
at org.testng.internal.invokers.TestInvoker.invokeMethod(TestInvoker.java:686)
at org.testng.internal.invokers.TestInvoker.invokeTestMethod(TestInvoker.java:230)
at org.testng.internal.invokers.MethodRunner.runInSequence(MethodRunner.java:63)
at org.testng.internal.invokers.TestInvoker$MethodInvocationAgent.invoke(TestInvoker.java:992)
at org.testng.internal.invokers.TestInvoker.invokeTestMethods(TestInvoker.java:203)
at org.testng.internal.invokers.TestMethodWorker.invokeTestMethods(TestMethodWorker.java:154)
at org.testng.internal.invokers.TestMethodWorker.run(TestMethodWorker.java:134)
at java.base/java.util.concurrent.Executors$RunnableAdapter.call(Executors.java:572)
at java.base/java.util.concurrent.FutureTask.run(FutureTask.java:317)
at org.testng.internal.thread.graph.TestNGFutureTask.run(TestNGFutureTask.java:22)
at java.base/java.util.concurrent.ThreadPoolExecutor.runWorker(ThreadPoolExecutor.java:1144)
at java.base/java.util.concurrent.ThreadPoolExecutor$Worker.run(ThreadPoolExecutor.java:642)
at java.base/java.lang.Thread.run(Thread.java:1583)
]]>
    </failure>
  </testcase> <!-- searchwithinvlidproduct -->
</testsuite> <!-- com.tutorialsninja.qa.testcases.SearchTest -->
